#! /c/Source/iverilog-install/bin/vvp
:ivl_version "12.0 (devel)" "(s20150603-1110-g18392a46)";
:ivl_delay_selection "TYPICAL";
:vpi_time_precision - 11;
:vpi_module "C:\iverilog\lib\ivl\system.vpi";
:vpi_module "C:\iverilog\lib\ivl\vhdl_sys.vpi";
:vpi_module "C:\iverilog\lib\ivl\vhdl_textio.vpi";
:vpi_module "C:\iverilog\lib\ivl\v2005_math.vpi";
:vpi_module "C:\iverilog\lib\ivl\va_math.vpi";
S_000001f213b61200 .scope module, "ALU_test" "ALU_test" 2 9;
 .timescale -9 -11;
P_000001f213b5f830 .param/l "DATA_LENGTH" 0 2 11, +C4<00000000000000000000000001010000>;
P_000001f213b5f868 .param/l "OUT_LENGTH" 0 2 12, +C4<00000000000000000000000001010010>;
v000001f213be2230_0 .var "clk", 0 0;
v000001f213be24b0_0 .var "cmd", 2 0;
v000001f213be1e70 .array "cmd_mem", 79 0, 2 0;
v000001f213be0cf0_0 .var "datain1", 7 0;
v000001f213be2550_0 .var "datain2", 7 0;
v000001f213be1790_0 .net "dataout", 15 0, L_000001f213b857d0;  1 drivers
v000001f213be0c50_0 .var/i "err", 31 0;
v000001f213be2190_0 .var/i "i", 31 0;
v000001f213be1f10 .array "image1_mem", 79 0, 7 0;
v000001f213be1fb0 .array "image2_mem", 79 0, 7 0;
v000001f213be2370_0 .var/i "out_f", 31 0;
v000001f213be25f0 .array "out_mem", 81 0, 15 0;
v000001f213be1a10_0 .var "out_temp", 15 0;
v000001f213be1bf0_0 .var "over", 0 0;
v000001f213be1150_0 .var/i "pattern_num", 31 0;
v000001f213be15b0_0 .var "reset", 0 0;
v000001f213be2690_0 .var "stop", 0 0;
E_000001f213b8ae60 .event posedge, v000001f213be2690_0;
E_000001f213b8a0e0 .event posedge, v000001f213b5e160_0;
E_000001f213b8a720 .event negedge, v000001f213b5e160_0;
S_000001f213b742b0 .scope module, "alu_0" "alu" 2 30, 3 3 0, S_000001f213b61200;
 .timescale -9 -11;
    .port_info 0 /INPUT 1 "clk_p_i";
    .port_info 1 /INPUT 1 "reset_n_i";
    .port_info 2 /INPUT 8 "data_a_i";
    .port_info 3 /INPUT 8 "data_b_i";
    .port_info 4 /INPUT 3 "inst_i";
    .port_info 5 /OUTPUT 16 "data_o";
P_000001f213b74440 .param/l "S_ABS" 0 3 31, +C4<00000000000000000000000000000110>;
P_000001f213b74478 .param/l "S_ADD" 0 3 25, +C4<00000000000000000000000000000000>;
P_000001f213b744b0 .param/l "S_DVD" 0 3 28, +C4<00000000000000000000000000000011>;
P_000001f213b744e8 .param/l "S_MUL" 0 3 27, +C4<00000000000000000000000000000010>;
P_000001f213b74520 .param/l "S_NSB" 0 3 29, +C4<00000000000000000000000000000100>;
P_000001f213b74558 .param/l "S_SUB" 0 3 26, +C4<00000000000000000000000000000001>;
P_000001f213b74590 .param/l "S_XOR" 0 3 30, +C4<00000000000000000000000000000101>;
L_000001f213b85b50 .functor NOT 16, L_000001f213be1b50, C4<0000000000000000>, C4<0000000000000000>, C4<0000000000000000>;
L_000001f213b862c0 .functor XOR 16, v000001f213b5db20_0, v000001f213b5e3e0_0, C4<0000000000000000>, C4<0000000000000000>;
L_000001f213b856f0 .functor NOT 16, L_000001f213be1b50, C4<0000000000000000>, C4<0000000000000000>, C4<0000000000000000>;
L_000001f213b857d0 .functor BUFZ 16, v000001f213be22d0_0, C4<0000000000000000>, C4<0000000000000000>, C4<0000000000000000>;
L_000001f213f60088 .functor BUFT 1, C4<0>, C4<0>, C4<0>, C4<0>;
v000001f213b5dbc0_0 .net *"_ivl_10", 0 0, L_000001f213f60088;  1 drivers
v000001f213b5dd00_0 .net *"_ivl_17", 0 0, L_000001f213be1470;  1 drivers
v000001f213b5da80_0 .net *"_ivl_18", 15 0, L_000001f213b856f0;  1 drivers
L_000001f213f600d0 .functor BUFT 1, C4<0000000000000001>, C4<0>, C4<0>, C4<0>;
v000001f213b5dda0_0 .net/2u *"_ivl_20", 15 0, L_000001f213f600d0;  1 drivers
v000001f213b5de40_0 .net *"_ivl_22", 15 0, L_000001f213be13d0;  1 drivers
v000001f213b5e2a0_0 .net *"_ivl_8", 14 0, L_000001f213be2a50;  1 drivers
v000001f213b5e160_0 .net "clk_p_i", 0 0, v000001f213be2230_0;  1 drivers
v000001f213b5db20_0 .var "data_a", 15 0;
v000001f213b5e340_0 .net "data_a_i", 7 0, v000001f213be0cf0_0;  1 drivers
v000001f213b5e3e0_0 .var "data_b", 15 0;
v000001f213b5d800_0 .net "data_b_i", 7 0, v000001f213be2550_0;  1 drivers
v000001f213b5dee0_0 .net "data_o", 15 0, L_000001f213b857d0;  alias, 1 drivers
v000001f213b5df80_0 .net "inst_i", 2 0, v000001f213be24b0_0;  1 drivers
v000001f213b5e020_0 .net "out1", 15 0, L_000001f213be1650;  1 drivers
v000001f213b5e0c0_0 .net "out2", 15 0, L_000001f213be1b50;  1 drivers
v000001f213b5e200_0 .net "out3", 15 0, L_000001f213be2730;  1 drivers
v000001f213b5e480_0 .net "out4", 15 0, L_000001f213be27d0;  1 drivers
v000001f213b5e520_0 .net "out5", 15 0, L_000001f213b85b50;  1 drivers
v000001f213b5d8a0_0 .net "out6", 15 0, L_000001f213b862c0;  1 drivers
v000001f213be10b0_0 .net "out7", 15 0, L_000001f213be1c90;  1 drivers
v000001f213be22d0_0 .var "out_r", 15 0;
v000001f213be0e30_0 .var "out_w", 15 0;
v000001f213be29b0_0 .net "reset_n_i", 0 0, v000001f213be15b0_0;  1 drivers
v000001f213be2870_0 .var "state_r", 2 0;
v000001f213be2410_0 .var "state_w", 2 0;
E_000001f213b8a1a0/0 .event negedge, v000001f213be29b0_0;
E_000001f213b8a1a0/1 .event posedge, v000001f213b5e160_0;
E_000001f213b8a1a0 .event/or E_000001f213b8a1a0/0, E_000001f213b8a1a0/1;
E_000001f213b8a320/0 .event anyedge, v000001f213be2870_0, v000001f213b5e020_0, v000001f213b5df80_0, v000001f213b5e0c0_0;
E_000001f213b8a320/1 .event anyedge, v000001f213b5e200_0, v000001f213b5e480_0, v000001f213b5e520_0, v000001f213b5d8a0_0;
E_000001f213b8a320/2 .event anyedge, v000001f213be10b0_0, v000001f213be22d0_0;
E_000001f213b8a320 .event/or E_000001f213b8a320/0, E_000001f213b8a320/1, E_000001f213b8a320/2;
L_000001f213be1650 .arith/sum 16, v000001f213b5db20_0, v000001f213b5e3e0_0;
L_000001f213be1b50 .arith/sub 16, v000001f213b5db20_0, v000001f213b5e3e0_0;
L_000001f213be2730 .arith/mult 16, v000001f213b5db20_0, v000001f213b5e3e0_0;
L_000001f213be2a50 .part v000001f213b5db20_0, 1, 15;
L_000001f213be27d0 .concat [ 15 1 0 0], L_000001f213be2a50, L_000001f213f60088;
L_000001f213be1470 .part L_000001f213be1b50, 15, 1;
L_000001f213be13d0 .arith/sum 16, L_000001f213b856f0, L_000001f213f600d0;
L_000001f213be1c90 .functor MUXZ 16, L_000001f213be1b50, L_000001f213be13d0, L_000001f213be1470, C4<>;
    .scope S_000001f213b742b0;
T_0 ;
    %wait E_000001f213b8a320;
    %load/vec4 v000001f213be2870_0;
    %dup/vec4;
    %pushi/vec4 0, 0, 3;
    %cmp/u;
    %jmp/1 T_0.0, 6;
    %dup/vec4;
    %pushi/vec4 1, 0, 3;
    %cmp/u;
    %jmp/1 T_0.1, 6;
    %dup/vec4;
    %pushi/vec4 2, 0, 3;
    %cmp/u;
    %jmp/1 T_0.2, 6;
    %dup/vec4;
    %pushi/vec4 3, 0, 3;
    %cmp/u;
    %jmp/1 T_0.3, 6;
    %dup/vec4;
    %pushi/vec4 4, 0, 3;
    %cmp/u;
    %jmp/1 T_0.4, 6;
    %dup/vec4;
    %pushi/vec4 5, 0, 3;
    %cmp/u;
    %jmp/1 T_0.5, 6;
    %dup/vec4;
    %pushi/vec4 6, 0, 3;
    %cmp/u;
    %jmp/1 T_0.6, 6;
    %load/vec4 v000001f213be2870_0;
    %store/vec4 v000001f213be2410_0, 0, 3;
    %load/vec4 v000001f213be22d0_0;
    %store/vec4 v000001f213be0e30_0, 0, 16;
    %jmp T_0.8;
T_0.0 ;
    %load/vec4 v000001f213b5e020_0;
    %store/vec4 v000001f213be0e30_0, 0, 16;
    %load/vec4 v000001f213b5df80_0;
    %store/vec4 v000001f213be2410_0, 0, 3;
    %jmp T_0.8;
T_0.1 ;
    %load/vec4 v000001f213b5e0c0_0;
    %store/vec4 v000001f213be0e30_0, 0, 16;
    %load/vec4 v000001f213b5df80_0;
    %store/vec4 v000001f213be2410_0, 0, 3;
    %jmp T_0.8;
T_0.2 ;
    %load/vec4 v000001f213b5e200_0;
    %store/vec4 v000001f213be0e30_0, 0, 16;
    %load/vec4 v000001f213b5df80_0;
    %pad/u 32;
    %cmpi/e 0, 0, 32;
    %flag_mov 8, 4;
    %load/vec4 v000001f213b5df80_0;
    %pad/u 32;
    %cmpi/e 1, 0, 32;
    %flag_or 4, 8;
    %flag_mov 8, 4;
    %load/vec4 v000001f213b5df80_0;
    %pad/u 32;
    %cmpi/e 3, 0, 32;
    %flag_or 4, 8;
    %flag_mov 8, 4;
    %load/vec4 v000001f213b5df80_0;
    %pad/u 32;
    %cmpi/e 5, 0, 32;
    %flag_or 4, 8;
    %flag_mov 8, 4;
    %load/vec4 v000001f213b5df80_0;
    %pad/u 32;
    %cmpi/e 7, 0, 32;
    %flag_or 4, 8;
    %jmp/0xz  T_0.9, 4;
    %load/vec4 v000001f213b5df80_0;
    %store/vec4 v000001f213be2410_0, 0, 3;
    %jmp T_0.10;
T_0.9 ;
    %load/vec4 v000001f213be2870_0;
    %store/vec4 v000001f213be2410_0, 0, 3;
T_0.10 ;
    %jmp T_0.8;
T_0.3 ;
    %load/vec4 v000001f213b5e480_0;
    %store/vec4 v000001f213be0e30_0, 0, 16;
    %load/vec4 v000001f213b5df80_0;
    %pad/u 32;
    %cmpi/e 0, 0, 32;
    %flag_mov 8, 4;
    %load/vec4 v000001f213b5df80_0;
    %pad/u 32;
    %cmpi/e 1, 0, 32;
    %flag_or 4, 8;
    %flag_mov 8, 4;
    %load/vec4 v000001f213b5df80_0;
    %pad/u 32;
    %cmpi/e 6, 0, 32;
    %flag_or 4, 8;
    %flag_mov 8, 4;
    %load/vec4 v000001f213b5df80_0;
    %pad/u 32;
    %cmpi/e 7, 0, 32;
    %flag_or 4, 8;
    %jmp/0xz  T_0.11, 4;
    %load/vec4 v000001f213b5df80_0;
    %store/vec4 v000001f213be2410_0, 0, 3;
    %jmp T_0.12;
T_0.11 ;
    %load/vec4 v000001f213be2870_0;
    %store/vec4 v000001f213be2410_0, 0, 3;
T_0.12 ;
    %jmp T_0.8;
T_0.4 ;
    %load/vec4 v000001f213b5e520_0;
    %store/vec4 v000001f213be0e30_0, 0, 16;
    %load/vec4 v000001f213b5df80_0;
    %pad/u 32;
    %cmpi/e 1, 0, 32;
    %flag_mov 8, 4;
    %load/vec4 v000001f213b5df80_0;
    %pad/u 32;
    %cmpi/e 5, 0, 32;
    %flag_or 4, 8;
    %flag_mov 8, 4;
    %load/vec4 v000001f213b5df80_0;
    %pad/u 32;
    %cmpi/e 7, 0, 32;
    %flag_or 4, 8;
    %jmp/0xz  T_0.13, 4;
    %load/vec4 v000001f213b5df80_0;
    %store/vec4 v000001f213be2410_0, 0, 3;
    %jmp T_0.14;
T_0.13 ;
    %load/vec4 v000001f213be2870_0;
    %store/vec4 v000001f213be2410_0, 0, 3;
T_0.14 ;
    %jmp T_0.8;
T_0.5 ;
    %load/vec4 v000001f213b5d8a0_0;
    %store/vec4 v000001f213be0e30_0, 0, 16;
    %load/vec4 v000001f213b5df80_0;
    %pad/u 32;
    %cmpi/e 0, 0, 32;
    %flag_mov 8, 4;
    %load/vec4 v000001f213b5df80_0;
    %pad/u 32;
    %cmpi/e 1, 0, 32;
    %flag_or 4, 8;
    %flag_mov 8, 4;
    %load/vec4 v000001f213b5df80_0;
    %pad/u 32;
    %cmpi/e 2, 0, 32;
    %flag_or 4, 8;
    %flag_mov 8, 4;
    %load/vec4 v000001f213b5df80_0;
    %pad/u 32;
    %cmpi/e 7, 0, 32;
    %flag_or 4, 8;
    %jmp/0xz  T_0.15, 4;
    %load/vec4 v000001f213b5df80_0;
    %store/vec4 v000001f213be2410_0, 0, 3;
    %jmp T_0.16;
T_0.15 ;
    %load/vec4 v000001f213be2870_0;
    %store/vec4 v000001f213be2410_0, 0, 3;
T_0.16 ;
    %jmp T_0.8;
T_0.6 ;
    %load/vec4 v000001f213be10b0_0;
    %store/vec4 v000001f213be0e30_0, 0, 16;
    %load/vec4 v000001f213b5df80_0;
    %pad/u 32;
    %cmpi/e 1, 0, 32;
    %flag_mov 8, 4;
    %load/vec4 v000001f213b5df80_0;
    %pad/u 32;
    %cmpi/e 5, 0, 32;
    %flag_or 4, 8;
    %jmp/0xz  T_0.17, 4;
    %load/vec4 v000001f213b5df80_0;
    %store/vec4 v000001f213be2410_0, 0, 3;
    %jmp T_0.18;
T_0.17 ;
    %load/vec4 v000001f213be2870_0;
    %store/vec4 v000001f213be2410_0, 0, 3;
T_0.18 ;
    %jmp T_0.8;
T_0.8 ;
    %pop/vec4 1;
    %jmp T_0;
    .thread T_0, $push;
    .scope S_000001f213b742b0;
T_1 ;
    %wait E_000001f213b8a1a0;
    %load/vec4 v000001f213be29b0_0;
    %cmpi/e 0, 0, 1;
    %jmp/0xz  T_1.0, 4;
    %pushi/vec4 0, 0, 16;
    %assign/vec4 v000001f213be22d0_0, 0;
    %pushi/vec4 0, 0, 3;
    %assign/vec4 v000001f213be2870_0, 0;
    %pushi/vec4 0, 0, 16;
    %assign/vec4 v000001f213b5db20_0, 0;
    %pushi/vec4 0, 0, 16;
    %assign/vec4 v000001f213b5e3e0_0, 0;
    %jmp T_1.1;
T_1.0 ;
    %load/vec4 v000001f213be0e30_0;
    %assign/vec4 v000001f213be22d0_0, 0;
    %load/vec4 v000001f213be2410_0;
    %assign/vec4 v000001f213be2870_0, 0;
    %pushi/vec4 0, 0, 8;
    %load/vec4 v000001f213b5e340_0;
    %concat/vec4; draw_concat_vec4
    %assign/vec4 v000001f213b5db20_0, 0;
    %pushi/vec4 0, 0, 8;
    %load/vec4 v000001f213b5d800_0;
    %concat/vec4; draw_concat_vec4
    %assign/vec4 v000001f213b5e3e0_0, 0;
T_1.1 ;
    %jmp T_1;
    .thread T_1;
    .scope S_000001f213b61200;
T_2 ;
    %vpi_call 2 33 "$readmemh", "./data1.dat", v000001f213be1f10 {0 0 0};
    %end;
    .thread T_2;
    .scope S_000001f213b61200;
T_3 ;
    %vpi_call 2 34 "$readmemh", "./data2.dat", v000001f213be1fb0 {0 0 0};
    %end;
    .thread T_3;
    .scope S_000001f213b61200;
T_4 ;
    %vpi_call 2 35 "$readmemh", "./cmd.dat", v000001f213be1e70 {0 0 0};
    %end;
    .thread T_4;
    .scope S_000001f213b61200;
T_5 ;
    %vpi_call 2 36 "$readmemh", "./out_golden.dat", v000001f213be25f0 {0 0 0};
    %end;
    .thread T_5;
    .scope S_000001f213b61200;
T_6 ;
    %pushi/vec4 1, 0, 1;
    %store/vec4 v000001f213be2230_0, 0, 1;
    %pushi/vec4 1, 0, 1;
    %store/vec4 v000001f213be15b0_0, 0, 1;
    %pushi/vec4 0, 0, 1;
    %store/vec4 v000001f213be2690_0, 0, 1;
    %pushi/vec4 0, 0, 1;
    %store/vec4 v000001f213be1bf0_0, 0, 1;
    %pushi/vec4 0, 0, 32;
    %store/vec4 v000001f213be1150_0, 0, 32;
    %pushi/vec4 0, 0, 32;
    %store/vec4 v000001f213be0c50_0, 0, 32;
    %pushi/vec4 0, 0, 32;
    %store/vec4 v000001f213be2190_0, 0, 32;
    %delay 250, 0;
    %pushi/vec4 0, 0, 1;
    %store/vec4 v000001f213be15b0_0, 0, 1;
    %delay 250, 0;
    %pushi/vec4 1, 0, 1;
    %store/vec4 v000001f213be15b0_0, 0, 1;
    %end;
    .thread T_6;
    .scope S_000001f213b61200;
T_7 ;
    %delay 500, 0;
    %load/vec4 v000001f213be2230_0;
    %inv;
    %store/vec4 v000001f213be2230_0, 0, 1;
    %jmp T_7;
    .thread T_7;
    .scope S_000001f213b61200;
T_8 ;
    %vpi_call 2 54 "$dumpfile", "alu.fsdb" {0 0 0};
    %vpi_call 2 55 "$dumpvars" {0 0 0};
    %vpi_func 2 57 "$fopen" 32, "out.dat" {0 0 0};
    %store/vec4 v000001f213be2370_0, 0, 32;
    %load/vec4 v000001f213be2370_0;
    %cmpi/e 0, 0, 32;
    %jmp/0xz  T_8.0, 4;
    %vpi_call 2 59 "$display", "Output file open error !" {0 0 0};
    %vpi_call 2 60 "$finish" {0 0 0};
T_8.0 ;
    %end;
    .thread T_8;
    .scope S_000001f213b61200;
T_9 ;
    %wait E_000001f213b8a720;
    %load/vec4 v000001f213be2190_0;
    %cmpi/s 82, 0, 32;
    %jmp/0xz  T_9.0, 5;
    %load/vec4 v000001f213be2190_0;
    %cmpi/s 80, 0, 32;
    %jmp/0xz  T_9.2, 5;
    %ix/getv/s 4, v000001f213be2190_0;
    %load/vec4a v000001f213be1e70, 4;
    %store/vec4 v000001f213be24b0_0, 0, 3;
    %ix/getv/s 4, v000001f213be2190_0;
    %load/vec4a v000001f213be1f10, 4;
    %store/vec4 v000001f213be0cf0_0, 0, 8;
    %ix/getv/s 4, v000001f213be2190_0;
    %load/vec4a v000001f213be1fb0, 4;
    %store/vec4 v000001f213be2550_0, 0, 8;
T_9.2 ;
    %ix/getv/s 4, v000001f213be2190_0;
    %load/vec4a v000001f213be25f0, 4;
    %store/vec4 v000001f213be1a10_0, 0, 16;
    %load/vec4 v000001f213be2190_0;
    %addi 1, 0, 32;
    %store/vec4 v000001f213be2190_0, 0, 32;
    %jmp T_9.1;
T_9.0 ;
    %pushi/vec4 1, 0, 1;
    %store/vec4 v000001f213be2690_0, 0, 1;
T_9.1 ;
    %jmp T_9;
    .thread T_9;
    .scope S_000001f213b61200;
T_10 ;
    %wait E_000001f213b8a0e0;
    %load/vec4 v000001f213be1790_0;
    %load/vec4 v000001f213be1a10_0;
    %cmp/ne;
    %flag_get/vec4 6;
    %load/vec4 v000001f213be1a10_0;
    %pushi/vec4 0, 0, 16;
    %cmp/ne;
    %flag_get/vec4 6;
    %and;
    %flag_set/vec4 8;
    %jmp/0xz  T_10.0, 8;
    %load/vec4 v000001f213be1150_0;
    %subi 2, 0, 32;
    %vpi_call 2 82 "$display", "ERROR at %d:output %h !=expect %h ", S<0,vec4,s32>, v000001f213be1790_0, v000001f213be1a10_0 {1 0 0};
    %load/vec4 v000001f213be1150_0;
    %subi 2, 0, 32;
    %vpi_call 2 83 "$fdisplay", v000001f213be2370_0, "ERROR at %d:output %h !=expect %h ", S<0,vec4,s32>, v000001f213be1790_0, v000001f213be1a10_0 {1 0 0};
    %load/vec4 v000001f213be0c50_0;
    %addi 1, 0, 32;
    %store/vec4 v000001f213be0c50_0, 0, 32;
T_10.0 ;
    %load/vec4 v000001f213be1150_0;
    %addi 1, 0, 32;
    %store/vec4 v000001f213be1150_0, 0, 32;
    %load/vec4 v000001f213be1150_0;
    %cmpi/e 82, 0, 32;
    %jmp/0xz  T_10.2, 6;
    %pushi/vec4 1, 0, 1;
    %store/vec4 v000001f213be1bf0_0, 0, 1;
T_10.2 ;
    %jmp T_10;
    .thread T_10;
    .scope S_000001f213b61200;
T_11 ;
    %wait E_000001f213b8ae60;
    %load/vec4 v000001f213be1bf0_0;
    %flag_set/vec4 8;
    %jmp/0xz  T_11.0, 8;
    %vpi_call 2 93 "$display", "---------------------------------------------\012" {0 0 0};
    %load/vec4 v000001f213be0c50_0;
    %cmpi/e 0, 0, 32;
    %jmp/0xz  T_11.2, 4;
    %vpi_call 2 95 "$display", "All data have been generated successfully!\012" {0 0 0};
    %vpi_call 2 96 "$display", "You will get 80 score in this RTL!\012" {0 0 0};
    %vpi_call 2 97 "$display", "-------------------PASS-------------------\012" {0 0 0};
    %jmp T_11.3;
T_11.2 ;
    %vpi_call 2 100 "$display", "There are %d errors!\012", v000001f213be0c50_0 {0 0 0};
    %pushi/vec4 80, 0, 32;
    %load/vec4 v000001f213be0c50_0;
    %sub;
    %vpi_call 2 101 "$display", "You will get %d score in this RTL!\012", S<0,vec4,s32> {1 0 0};
T_11.3 ;
    %vpi_call 2 103 "$display", "---------------------------------------------\012" {0 0 0};
    %jmp T_11.1;
T_11.0 ;
    %vpi_call 2 106 "$display", "---------------------------------------------\012" {0 0 0};
    %vpi_call 2 107 "$display", "Error!!! There is no any data output ...!\012" {0 0 0};
    %vpi_call 2 108 "$display", "-------------------FAIL-------------------\012" {0 0 0};
    %vpi_call 2 109 "$display", "---------------------------------------------\012" {0 0 0};
T_11.1 ;
    %vpi_call 2 111 "$finish" {0 0 0};
    %end;
    .thread T_11;
# The file index is used to find the file name in the following table.
:file_names 4;
    "N/A";
    "<interactive>";
    "HW1_alu_tb.v";
    "HW1_alu.v";
